2026-02-19T00:26:39.967+05:30  INFO 10288 --- [supply-service] [main] c.s.s.SupplyServiceApplication           : Starting SupplyServiceApplication using Java 25.0.2 with PID 10288 (/Users/ravinfernando/dev/sysco-supply-chain/backend/target/classes started by ravinfernando in /Users/ravinfernando/dev/sysco-supply-chain/backend)
2026-02-19T00:26:39.968+05:30 DEBUG 10288 --- [supply-service] [main] c.s.s.SupplyServiceApplication           : Running with Spring Boot v4.0.2, Spring v7.0.3
2026-02-19T00:26:39.969+05:30  INFO 10288 --- [supply-service] [main] c.s.s.SupplyServiceApplication           : No active profile set, falling back to 1 default profile: "default"
2026-02-19T00:26:40.704+05:30  INFO 10288 --- [supply-service] [main] .s.d.r.c.RepositoryConfigurationDelegate : Bootstrapping Spring Data JPA repositories in DEFAULT mode.
2026-02-19T00:26:40.735+05:30  INFO 10288 --- [supply-service] [main] .s.d.r.c.RepositoryConfigurationDelegate : Finished Spring Data repository scanning in 22 ms. Found 1 JPA repository interface.
2026-02-19T00:26:41.179+05:30  INFO 10288 --- [supply-service] [main] o.s.boot.tomcat.TomcatWebServer          : Tomcat initialized with port 8080 (http)
2026-02-19T00:26:41.185+05:30  INFO 10288 --- [supply-service] [main] o.apache.catalina.core.StandardService   : Starting service [Tomcat]
2026-02-19T00:26:41.185+05:30  INFO 10288 --- [supply-service] [main] o.apache.catalina.core.StandardEngine    : Starting Servlet engine: [Apache Tomcat/11.0.15]
2026-02-19T00:26:41.209+05:30  INFO 10288 --- [supply-service] [main] b.w.c.s.WebApplicationContextInitializer : Root WebApplicationContext: initialization completed in 1222 ms
2026-02-19T00:26:41.391+05:30  INFO 10288 --- [supply-service] [main] org.hibernate.orm.jpa                    : HHH008540: Processing PersistenceUnitInfo [name: default]
2026-02-19T00:26:41.421+05:30  INFO 10288 --- [supply-service] [main] org.hibernate.orm.core                   : HHH000001: Hibernate ORM core version 7.2.1.Final
2026-02-19T00:26:41.632+05:30  INFO 10288 --- [supply-service] [main] o.s.o.j.p.SpringPersistenceUnitInfo      : No LoadTimeWeaver setup: ignoring JPA class transformer
2026-02-19T00:26:41.647+05:30  INFO 10288 --- [supply-service] [main] com.zaxxer.hikari.HikariDataSource       : HikariPool-1 - Starting...
2026-02-19T00:26:41.808+05:30  INFO 10288 --- [supply-service] [main] com.zaxxer.hikari.pool.HikariPool        : HikariPool-1 - Added connection org.postgresql.jdbc.PgConnection@594f508f
2026-02-19T00:26:41.809+05:30  INFO 10288 --- [supply-service] [main] com.zaxxer.hikari.HikariDataSource       : HikariPool-1 - Start completed.
2026-02-19T00:26:41.895+05:30  INFO 10288 --- [supply-service] [main] org.hibernate.orm.connections.pooling    : HHH10001005: Database info:
	Database JDBC URL [jdbc:postgresql://localhost:5433/supply_db]
	Database driver: PostgreSQL JDBC Driver
	Database dialect: PostgreSQLDialect
	Database version: 15.16
	Default catalog/schema: supply_db/public
	Autocommit mode: undefined/unknown
	Isolation level: READ_COMMITTED [default READ_COMMITTED]
	JDBC fetch size: none
	Pool: DataSourceConnectionProvider
	Minimum pool size: undefined/unknown
	Maximum pool size: undefined/unknown
2026-02-19T00:26:42.259+05:30  INFO 10288 --- [supply-service] [main] org.hibernate.orm.core                   : HHH000489: No JTA platform available (set 'hibernate.transaction.jta.platform' to enable JTA platform integration)
2026-02-19T00:26:42.377+05:30  INFO 10288 --- [supply-service] [main] j.LocalContainerEntityManagerFactoryBean : Initialized JPA EntityManagerFactory for persistence unit 'default'
2026-02-19T00:26:42.466+05:30  INFO 10288 --- [supply-service] [main] o.s.d.j.r.query.QueryEnhancerFactories   : Hibernate is in classpath; If applicable, HQL parser will be used.
2026-02-19T00:26:42.646+05:30  WARN 10288 --- [supply-service] [main] JpaBaseConfiguration$JpaWebConfiguration : spring.jpa.open-in-view is enabled by default. Therefore, database queries may be performed during view rendering. Explicitly configure spring.jpa.open-in-view to disable this warning
2026-02-19T00:26:43.116+05:30  INFO 10288 --- [supply-service] [main] o.s.b.a.e.web.EndpointLinksResolver      : Exposing 3 endpoints beneath base path '/actuator'
2026-02-19T00:26:43.179+05:30  INFO 10288 --- [supply-service] [main] o.s.boot.tomcat.TomcatWebServer          : Tomcat started on port 8080 (http) with context path '/'
2026-02-19T00:26:43.198+05:30  INFO 10288 --- [supply-service] [main] o.a.kafka.common.config.AbstractConfig   : ConsumerConfig values: 
	allow.auto.create.topics = true
	auto.commit.interval.ms = 5000
	auto.offset.reset = earliest
	bootstrap.servers = [localhost:9092]
	check.crcs = true
	client.dns.lookup = use_all_dns_ips
	client.id = consumer-warehouse-group-1
	client.rack = 
	connections.max.idle.ms = 540000
	default.api.timeout.ms = 60000
	enable.auto.commit = false
	enable.metrics.push = true
	exclude.internal.topics = true
	fetch.max.bytes = 52428800
	fetch.max.wait.ms = 500
	fetch.min.bytes = 1
	group.id = warehouse-group
	group.instance.id = null
	group.protocol = classic
	group.remote.assignor = null
	heartbeat.interval.ms = 3000
	interceptor.classes = []
	internal.leave.group.on.close = true
	internal.throw.on.fetch.stable.offset.unsupported = false
	isolation.level = read_uncommitted
	key.deserializer = class org.apache.kafka.common.serialization.StringDeserializer
	max.partition.fetch.bytes = 1048576
	max.poll.interval.ms = 300000
	max.poll.records = 500
	metadata.max.age.ms = 300000
	metadata.recovery.rebootstrap.trigger.ms = 300000
	metadata.recovery.strategy = rebootstrap
	metric.reporters = [org.apache.kafka.common.metrics.JmxReporter]
	metrics.num.samples = 2
	metrics.recording.level = INFO
	metrics.sample.window.ms = 30000
	partition.assignment.strategy = [class org.apache.kafka.clients.consumer.RangeAssignor, class org.apache.kafka.clients.consumer.CooperativeStickyAssignor]
	receive.buffer.bytes = 65536
	reconnect.backoff.max.ms = 1000
	reconnect.backoff.ms = 50
	request.timeout.ms = 30000
	retry.backoff.max.ms = 1000
	retry.backoff.ms = 100
	sasl.client.callback.handler.class = null
	sasl.jaas.config = null
	sasl.kerberos.kinit.cmd = /usr/bin/kinit
	sasl.kerberos.min.time.before.relogin = 60000
	sasl.kerberos.service.name = null
	sasl.kerberos.ticket.renew.jitter = 0.05
	sasl.kerberos.ticket.renew.window.factor = 0.8
	sasl.login.callback.handler.class = null
	sasl.login.class = null
	sasl.login.connect.timeout.ms = null
	sasl.login.read.timeout.ms = null
	sasl.login.refresh.buffer.seconds = 300
	sasl.login.refresh.min.period.seconds = 60
	sasl.login.refresh.window.factor = 0.8
	sasl.login.refresh.window.jitter = 0.05
	sasl.login.retry.backoff.max.ms = 10000
	sasl.login.retry.backoff.ms = 100
	sasl.mechanism = GSSAPI
	sasl.oauthbearer.assertion.algorithm = RS256
	sasl.oauthbearer.assertion.claim.aud = null
	sasl.oauthbearer.assertion.claim.exp.seconds = 300
	sasl.oauthbearer.assertion.claim.iss = null
	sasl.oauthbearer.assertion.claim.jti.include = false
	sasl.oauthbearer.assertion.claim.nbf.seconds = 60
	sasl.oauthbearer.assertion.claim.sub = null
	sasl.oauthbearer.assertion.file = null
	sasl.oauthbearer.assertion.private.key.file = null
	sasl.oauthbearer.assertion.private.key.passphrase = null
	sasl.oauthbearer.assertion.template.file = null
	sasl.oauthbearer.client.credentials.client.id = null
	sasl.oauthbearer.client.credentials.client.secret = null
	sasl.oauthbearer.clock.skew.seconds = 30
	sasl.oauthbearer.expected.audience = null
	sasl.oauthbearer.expected.issuer = null
	sasl.oauthbearer.header.urlencode = false
	sasl.oauthbearer.jwks.endpoint.refresh.ms = 3600000
	sasl.oauthbearer.jwks.endpoint.retry.backoff.max.ms = 10000
	sasl.oauthbearer.jwks.endpoint.retry.backoff.ms = 100
	sasl.oauthbearer.jwks.endpoint.url = null
	sasl.oauthbearer.jwt.retriever.class = class org.apache.kafka.common.security.oauthbearer.DefaultJwtRetriever
	sasl.oauthbearer.jwt.validator.class = class org.apache.kafka.common.security.oauthbearer.DefaultJwtValidator
	sasl.oauthbearer.scope = null
	sasl.oauthbearer.scope.claim.name = scope
	sasl.oauthbearer.sub.claim.name = sub
	sasl.oauthbearer.token.endpoint.url = null
	security.protocol = PLAINTEXT
	security.providers = null
	send.buffer.bytes = 131072
	session.timeout.ms = 45000
	share.acknowledgement.mode = implicit
	socket.connection.setup.timeout.max.ms = 30000
	socket.connection.setup.timeout.ms = 10000
	ssl.cipher.suites = null
	ssl.enabled.protocols = [TLSv1.2, TLSv1.3]
	ssl.endpoint.identification.algorithm = https
	ssl.engine.factory.class = null
	ssl.key.password = null
	ssl.keymanager.algorithm = SunX509
	ssl.keystore.certificate.chain = null
	ssl.keystore.key = null
	ssl.keystore.location = null
	ssl.keystore.password = null
	ssl.keystore.type = JKS
	ssl.protocol = TLSv1.3
	ssl.provider = null
	ssl.secure.random.implementation = null
	ssl.trustmanager.algorithm = PKIX
	ssl.truststore.certificates = null
	ssl.truststore.location = null
	ssl.truststore.password = null
	ssl.truststore.type = JKS
	value.deserializer = class org.apache.kafka.common.serialization.StringDeserializer

2026-02-19T00:26:43.219+05:30  INFO 10288 --- [supply-service] [main] o.a.k.c.t.i.KafkaMetricsCollector        : initializing Kafka metrics collector
2026-02-19T00:26:43.285+05:30  INFO 10288 --- [supply-service] [main] o.a.kafka.common.utils.AppInfoParser     : Kafka version: 4.1.1
2026-02-19T00:26:43.286+05:30  INFO 10288 --- [supply-service] [main] o.a.kafka.common.utils.AppInfoParser     : Kafka commitId: be816b82d25370ce
2026-02-19T00:26:43.286+05:30  INFO 10288 --- [supply-service] [main] o.a.kafka.common.utils.AppInfoParser     : Kafka startTimeMs: 1771441003285
2026-02-19T00:26:43.289+05:30  INFO 10288 --- [supply-service] [main] o.a.k.c.c.i.ClassicKafkaConsumer         : [Consumer clientId=consumer-warehouse-group-1, groupId=warehouse-group] Subscribed to topic(s): orders-topic
2026-02-19T00:26:43.297+05:30  INFO 10288 --- [supply-service] [main] c.s.s.SupplyServiceApplication           : Started SupplyServiceApplication in 3.516 seconds (process running for 3.685)
2026-02-19T00:26:43.725+05:30  INFO 10288 --- [supply-service] [org.springframework.kafka.KafkaListenerEndpointContainer#0-0-C-1] org.apache.kafka.clients.Metadata        : [Consumer clientId=consumer-warehouse-group-1, groupId=warehouse-group] Cluster ID: y9LemqNhTKeSJrKKM6yPIw
2026-02-19T00:26:43.738+05:30  INFO 10288 --- [supply-service] [org.springframework.kafka.KafkaListenerEndpointContainer#0-0-C-1] o.a.k.c.c.internals.ConsumerCoordinator  : [Consumer clientId=consumer-warehouse-group-1, groupId=warehouse-group] Discovered group coordinator localhost:9092 (id: 2147483646 rack: null isFenced: false)
2026-02-19T00:26:43.741+05:30  INFO 10288 --- [supply-service] [org.springframework.kafka.KafkaListenerEndpointContainer#0-0-C-1] o.a.k.c.c.internals.ConsumerCoordinator  : [Consumer clientId=consumer-warehouse-group-1, groupId=warehouse-group] (Re-)joining group
2026-02-19T00:26:43.809+05:30  INFO 10288 --- [supply-service] [org.springframework.kafka.KafkaListenerEndpointContainer#0-0-C-1] o.a.k.c.c.internals.ConsumerCoordinator  : [Consumer clientId=consumer-warehouse-group-1, groupId=warehouse-group] Request joining group due to: need to re-join with the given member-id: consumer-warehouse-group-1-f171ec6d-9db2-4364-8b95-97b3cd9ed17c
2026-02-19T00:26:43.810+05:30  INFO 10288 --- [supply-service] [org.springframework.kafka.KafkaListenerEndpointContainer#0-0-C-1] o.a.k.c.c.internals.ConsumerCoordinator  : [Consumer clientId=consumer-warehouse-group-1, groupId=warehouse-group] (Re-)joining group
2026-02-19T00:26:46.912+05:30  INFO 10288 --- [supply-service] [org.springframework.kafka.KafkaListenerEndpointContainer#0-0-C-1] o.a.k.c.c.internals.ConsumerCoordinator  : [Consumer clientId=consumer-warehouse-group-1, groupId=warehouse-group] Successfully joined group with generation Generation{generationId=1, memberId='consumer-warehouse-group-1-f171ec6d-9db2-4364-8b95-97b3cd9ed17c', protocol='range'}
2026-02-19T00:26:46.952+05:30  INFO 10288 --- [supply-service] [org.springframework.kafka.KafkaListenerEndpointContainer#0-0-C-1] o.a.k.c.c.internals.ConsumerCoordinator  : [Consumer clientId=consumer-warehouse-group-1, groupId=warehouse-group] Finished assignment for group at generation 1: {consumer-warehouse-group-1-f171ec6d-9db2-4364-8b95-97b3cd9ed17c=Assignment(partitions=[orders-topic-0])}
2026-02-19T00:26:47.075+05:30  INFO 10288 --- [supply-service] [org.springframework.kafka.KafkaListenerEndpointContainer#0-0-C-1] o.a.k.c.c.internals.ConsumerCoordinator  : [Consumer clientId=consumer-warehouse-group-1, groupId=warehouse-group] Successfully synced group in generation Generation{generationId=1, memberId='consumer-warehouse-group-1-f171ec6d-9db2-4364-8b95-97b3cd9ed17c', protocol='range'}
2026-02-19T00:26:47.076+05:30  INFO 10288 --- [supply-service] [org.springframework.kafka.KafkaListenerEndpointContainer#0-0-C-1] o.a.k.c.c.internals.ConsumerCoordinator  : [Consumer clientId=consumer-warehouse-group-1, groupId=warehouse-group] Notifying assignor about the new Assignment(partitions=[orders-topic-0])
2026-02-19T00:26:47.079+05:30  INFO 10288 --- [supply-service] [org.springframework.kafka.KafkaListenerEndpointContainer#0-0-C-1] k.c.c.i.ConsumerRebalanceListenerInvoker : [Consumer clientId=consumer-warehouse-group-1, groupId=warehouse-group] Adding newly assigned partitions: [orders-topic-0]
2026-02-19T00:26:47.099+05:30  INFO 10288 --- [supply-service] [org.springframework.kafka.KafkaListenerEndpointContainer#0-0-C-1] o.a.k.c.c.internals.ConsumerCoordinator  : [Consumer clientId=consumer-warehouse-group-1, groupId=warehouse-group] Found no committed offset for partition orders-topic-0
2026-02-19T00:26:47.129+05:30  INFO 10288 --- [supply-service] [org.springframework.kafka.KafkaListenerEndpointContainer#0-0-C-1] o.a.k.c.c.internals.SubscriptionState    : [Consumer clientId=consumer-warehouse-group-1, groupId=warehouse-group] Resetting offset for partition orders-topic-0 to position FetchPosition{offset=0, offsetEpoch=Optional.empty, currentLeader=LeaderAndEpoch{leader=Optional[localhost:9092 (id: 1 rack: null isFenced: false)], epoch=0}}.
2026-02-19T00:26:47.130+05:30  INFO 10288 --- [supply-service] [org.springframework.kafka.KafkaListenerEndpointContainer#0-0-C-1] o.s.k.l.KafkaMessageListenerContainer    : warehouse-group: partitions assigned: [orders-topic-0]
2026-02-19T00:59:20.692+05:30  INFO 10288 --- [supply-service] [org.springframework.kafka.KafkaListenerEndpointContainer#0-0-C-1] k.c.c.i.ConsumerRebalanceListenerInvoker : [Consumer clientId=consumer-warehouse-group-1, groupId=warehouse-group] Revoke previously assigned partitions [orders-topic-0]
2026-02-19T00:59:20.693+05:30  INFO 10288 --- [supply-service] [org.springframework.kafka.KafkaListenerEndpointContainer#0-0-C-1] o.s.k.l.KafkaMessageListenerContainer    : warehouse-group: partitions revoked: [orders-topic-0]
2026-02-19T00:59:20.696+05:30  INFO 10288 --- [supply-service] [org.springframework.kafka.KafkaListenerEndpointContainer#0-0-C-1] o.a.k.c.c.internals.ConsumerCoordinator  : [Consumer clientId=consumer-warehouse-group-1, groupId=warehouse-group] Member consumer-warehouse-group-1-f171ec6d-9db2-4364-8b95-97b3cd9ed17c sending LeaveGroup request to coordinator localhost:9092 (id: 2147483646 rack: null isFenced: false) due to the consumer unsubscribed from all topics
2026-02-19T00:59:20.696+05:30  INFO 10288 --- [supply-service] [org.springframework.kafka.KafkaListenerEndpointContainer#0-0-C-1] o.a.k.c.c.internals.ConsumerCoordinator  : [Consumer clientId=consumer-warehouse-group-1, groupId=warehouse-group] Resetting generation and member id due to: consumer pro-actively leaving the group
2026-02-19T00:59:20.696+05:30  INFO 10288 --- [supply-service] [org.springframework.kafka.KafkaListenerEndpointContainer#0-0-C-1] o.a.k.c.c.internals.ConsumerCoordinator  : [Consumer clientId=consumer-warehouse-group-1, groupId=warehouse-group] Request joining group due to: consumer pro-actively leaving the group
2026-02-19T00:59:20.697+05:30  INFO 10288 --- [supply-service] [org.springframework.kafka.KafkaListenerEndpointContainer#0-0-C-1] o.a.k.c.c.i.ClassicKafkaConsumer         : [Consumer clientId=consumer-warehouse-group-1, groupId=warehouse-group] Unsubscribed all topics or patterns and assigned partitions
2026-02-19T00:59:20.701+05:30  INFO 10288 --- [supply-service] [org.springframework.kafka.KafkaListenerEndpointContainer#0-0-C-1] o.a.k.c.c.internals.ConsumerCoordinator  : [Consumer clientId=consumer-warehouse-group-1, groupId=warehouse-group] Resetting generation and member id due to: consumer pro-actively leaving the group
2026-02-19T00:59:20.701+05:30  INFO 10288 --- [supply-service] [org.springframework.kafka.KafkaListenerEndpointContainer#0-0-C-1] o.a.k.c.c.internals.ConsumerCoordinator  : [Consumer clientId=consumer-warehouse-group-1, groupId=warehouse-group] Request joining group due to: consumer pro-actively leaving the group
2026-02-19T00:59:21.140+05:30  INFO 10288 --- [supply-service] [org.springframework.kafka.KafkaListenerEndpointContainer#0-0-C-1] o.apache.kafka.common.metrics.Metrics    : Metrics scheduler closed
2026-02-19T00:59:21.141+05:30  INFO 10288 --- [supply-service] [org.springframework.kafka.KafkaListenerEndpointContainer#0-0-C-1] o.apache.kafka.common.metrics.Metrics    : Closing reporter org.apache.kafka.common.metrics.JmxReporter
2026-02-19T00:59:21.141+05:30  INFO 10288 --- [supply-service] [org.springframework.kafka.KafkaListenerEndpointContainer#0-0-C-1] o.apache.kafka.common.metrics.Metrics    : Closing reporter org.apache.kafka.common.telemetry.internals.ClientTelemetryReporter
2026-02-19T00:59:21.141+05:30  INFO 10288 --- [supply-service] [org.springframework.kafka.KafkaListenerEndpointContainer#0-0-C-1] o.apache.kafka.common.metrics.Metrics    : Metrics reporters closed
2026-02-19T00:59:21.155+05:30  INFO 10288 --- [supply-service] [org.springframework.kafka.KafkaListenerEndpointContainer#0-0-C-1] o.a.kafka.common.utils.AppInfoParser     : App info kafka.consumer for consumer-warehouse-group-1 unregistered
2026-02-19T00:59:21.156+05:30  INFO 10288 --- [supply-service] [org.springframework.kafka.KafkaListenerEndpointContainer#0-0-C-1] o.s.k.l.KafkaMessageListenerContainer    : warehouse-group: Consumer stopped
2026-02-19T00:59:21.159+05:30  INFO 10288 --- [supply-service] [SpringApplicationShutdownHook] o.s.boot.tomcat.GracefulShutdown         : Commencing graceful shutdown. Waiting for active requests to complete
2026-02-19T00:59:23.177+05:30  INFO 10288 --- [supply-service] [tomcat-shutdown] o.s.boot.tomcat.GracefulShutdown         : Graceful shutdown complete
2026-02-19T00:59:23.196+05:30  INFO 10288 --- [supply-service] [SpringApplicationShutdownHook] j.LocalContainerEntityManagerFactoryBean : Closing JPA EntityManagerFactory for persistence unit 'default'
2026-02-19T00:59:23.202+05:30  INFO 10288 --- [supply-service] [SpringApplicationShutdownHook] com.zaxxer.hikari.HikariDataSource       : HikariPool-1 - Shutdown initiated...
2026-02-19T00:59:23.204+05:30  INFO 10288 --- [supply-service] [SpringApplicationShutdownHook] com.zaxxer.hikari.HikariDataSource       : HikariPool-1 - Shutdown completed.
